<?xml version="1.0" encoding="UTF-8"?>
<!-- Generated by org.testng.reporters.JUnitReportReporter -->
<testsuite hostname="Rajesh-PC" failures="0" tests="8" name="org.fashionatte.de.testCases.LoginTest" time="7.330" errors="0" timestamp="2023-03-08T01:43:55 CET" skipped="0">
  <testcase classname="org.fashionatte.de.testCases.LoginTest" name="login" time="1.281"/>
  <system-out/>
  <testcase classname="org.fashionatte.de.testCases.LoginTest" name="login" time="0.001"/>
  <system-out/>
  <testcase classname="org.fashionatte.de.testCases.LoginTest" name="login" time="0.806"/>
  <system-out/>
  <testcase classname="org.fashionatte.de.testCases.LoginTest" name="login" time="2.223"/>
  <system-out/>
  <testcase classname="org.fashionatte.de.testCases.LoginTest" name="login" time="0.831"/>
  <system-out/>
  <testcase classname="org.fashionatte.de.testCases.LoginTest" name="login" time="0.806"/>
  <system-out/>
  <testcase classname="org.fashionatte.de.testCases.LoginTest" name="login" time="1.382"/>
  <system-out/>
  <testcase classname="org.fashionatte.de.testCases.LoginTest" name="login" time="0.000"/>
  <system-out/>
</testsuite> <!-- org.fashionatte.de.testCases.LoginTest -->
