<?xml version="1.0" encoding="UTF-8"?>
<!-- Generated by org.testng.reporters.JUnitReportReporter -->
<testsuite hostname="Rajesh-PC" failures="0" tests="5" name="org.fashionatte.de.testCases.RandomAddToCartTest" time="5.517" errors="0" timestamp="2023-03-08T01:43:55 CET" skipped="0">
  <testcase classname="org.fashionatte.de.testCases.RandomAddToCartTest" name="enterIntoHomePage" time="1.135"/>
  <system-out/>
  <testcase classname="org.fashionatte.de.testCases.RandomAddToCartTest" name="searchForItem" time="2.041"/>
  <system-out/>
  <testcase classname="org.fashionatte.de.testCases.RandomAddToCartTest" name="completeAnItemsSelectionProcess" time="1.247"/>
  <system-out/>
  <testcase classname="org.fashionatte.de.testCases.RandomAddToCartTest" name="selectItemsRequirements" time="0.257"/>
  <system-out/>
  <testcase classname="org.fashionatte.de.testCases.RandomAddToCartTest" name="completeVoucherProcess" time="0.837"/>
  <system-out/>
</testsuite> <!-- org.fashionatte.de.testCases.RandomAddToCartTest -->
